-------------------------------------------------------------------------------
Test set: TestSuite
-------------------------------------------------------------------------------
Tests run: 1, Failures: 1, Errors: 0, Skipped: 0, Time elapsed: 18.7 s <<< FAILURE! - in TestSuite
runScenario(com.myrunnerpackage.MyRunnerClassMou)  Time elapsed: 16.323 s  <<< FAILURE!
java.lang.AssertionError: expected [Sign in to Zoopla - Zoopla] but found [My Zoopla | Zoopla]

